<?xml version="1.0" encoding="UTF-8"?>
<testsuite name="CalculatorTest" tests="8" skipped="0" failures="0" errors="0" timestamp="2026-03-25T23:41:05" hostname="IvashkaBook" time="0.046">
  <properties/>
  <testcase name="test simple addition()" classname="CalculatorTest" time="0.034"/>
  <testcase name="test complex expression()" classname="CalculatorTest" time="0.001"/>
  <testcase name="test floating point numbers()" classname="CalculatorTest" time="0.001"/>
  <testcase name="test parentheses override precedence()" classname="CalculatorTest" time="0.001"/>
  <testcase name="test precedence multiplication before addition()" classname="CalculatorTest" time="0.001"/>
  <testcase name="test power has highest precedence()" classname="CalculatorTest" time="0.0"/>
  <testcase name="test subtraction is left associative()" classname="CalculatorTest" time="0.0"/>
  <testcase name="test division by zero throws exception()" classname="CalculatorTest" time="0.002"/>
  <system-out><![CDATA[]]></system-out>
  <system-err><![CDATA[]]></system-err>
</testsuite>
